<?xml version="1.0" encoding="UTF-8"?>
<!-- Generated by org.testng.reporters.JUnitReportReporter -->
<testsuite hostname="LAPTOP-NKUME37F" failures="0" tests="1" name="selenium_webdriver.WindowHandlesTest" time="0.347" errors="0" timestamp="2024-10-10T09:20:09 ICT" skipped="0">
  <testcase classname="selenium_webdriver.WindowHandlesTest" name="testWindowHandles" time="0.347"/>
  <system-out/>
</testsuite> <!-- selenium_webdriver.WindowHandlesTest -->
