<?xml version="1.0" encoding="UTF-8"?>
<!-- Generated by org.testng.reporters.JUnitReportReporter -->
<testsuite hostname="LAPTOP-NKUME37F" failures="0" tests="1" name="selenium_webdriver.IFrameTest" time="0.140" errors="0" timestamp="2024-10-10T09:20:09 ICT" skipped="0">
  <testcase classname="selenium_webdriver.IFrameTest" name="testIFrame" time="0.140"/>
  <system-out/>
</testsuite> <!-- selenium_webdriver.IFrameTest -->
